[  0000000] Initializing cgroup ubs puset
[  000000]Inializg roup sbs cu
[   0.000] Itiizincgupsubss uact
  0.0000 Lux vrsn .4.0-13-neic (il@lcy-a64-001) gcverson.40 20609 (Uunu 4.-6ubntu1~1.0.5) ) #126Ubtu SP n ec 4 1:228 UTC 2017 (Ubuntu 4.40-3.12geerc 4.98
    0000] CoanlineBO_IMA=/ot/vmlnu4.4.0-3-neriro=LABEL=ouim-rootf rconsoe=tty1coole=tt0[   .00000 KERL pporedpu:
[  00000] Inel GnueItel
[  .000000]  D uthtiMD
  0.00000]  ntur Cenauauls
  0.00000]x8fp: xstteffet[2] 5, xsteizes[2] 2
[   000000 x/fu: SuorngXSAVfeure 0x01 '7 floainpont rgier'
[   .0000] x6/u:SupprtngSAE fetu 002: SEegistes'
[   .00000x8/fpuSuortingSA featue 04 'X gisters'
[   0.000]x86/u:nabl xate ates0x7, context size is 8 btes,usg tandrd' rmt.
[   0.0000] 6/u: Usig az' FPU contt swites
[   00000] e82 BIOpridd phsil AM map
[  0.000]BIOSe8: mem 0x0000000000-x000000000fbf] usable
[    0.000000]BI-e820: [mm 000000009c0-0x00000009ffff] resve
[    00000] OSe80: [m 0000000000000-000000000ffff] seved
[   000000] BIOS-82 [em 0x00000000010000-x000003feff]usable[    0.000000] BIOS-e820: [mem 0x000000003f00-x00000fffff]CPI daa    .000] BI-e0: [m x0000000ec00000-0x00000fc00ff]esrved
[  .00000 BOSe820 [m 0x0000fe00000x000000ee0fffrerved
[  .00000BIS-e8: em 0x0000000ffc000-0000000ffff] esrv
[   .0000] N (ecut Dabe) pottion: aciv
[    .0000] SBI 25 prse.
[  .00000 Hypervisor etcted K
    .000] e820 lt_pfn =0xff max_arh_n  0x40000000
  0.0000 MRR: saed
  0.0000 x/PAT MRRdisabd,kippngPAinitliaton oo
[  .0000] C MRs all ban- viuazed st.
[   00000]x8PA: Coigatio[07] WB  WT  C-C WBWTUC- C 
   0.000000] found SMP MP-table at [mem 0x0009fff-000ffff mppd t [ffff8800fff0]
   00000] aning 1 re for lowmery corruio
[    0.00000] RDI: [m 06adc000x7565f]
[   0.00] ACPI Elytable ecum verfitin saed
[    00000 ACP RP 0x0000000E0000024 (v2 OX )
  0.0000] PI XSDT x00000FFF00 00003 (1 VBOX  VBXSDT00001 ASL  0000061)   0.000] ACP FCP0x000000FF00F0004 (v04BO  VBXFP 000001SL 00000061)
[    0.000000] ACI:SD 0x000000FF0470 002FFv02 BO  BOXBOS000002INL 201058)
  0.0000 API: AC0x000000FF200 000
[  .00000] PIFACS0x000003F00 00000    0000] ACP: PI0x00000003FFF0240 0005Cv0 VBO  OXAP 000001 A  000061
[   0.00000] CP SSDT 000000FFA0 001 (01 VX VBOXCPT 00002 INL 100528)[   0.0000 N NUM cnfuratn und   0.000 Faknga noe at[mem 0x0000000000-000000fefff]
[  0.000000] DE_DAT(0alocat [m 0x3fb00-0x3feff]
[    0.000] k-cck: Usngsrs 4b54d ad 4b56d00
[   0.000] kv-coc cpu0,sr0:3ffe00 primay u lok    0000] m-ock: uing scedoffs o58146140cycles
[   .0000] closoce: kvm-cloc: ask:0xfffffffffffffmacyles: 01c2edf, x_idles:81595983ns
  0.0000] Zone ranges:
[    0.000000]   DMA      [mem 0x000000000000100x0000000ffff
   0.000   D32   mem 0x000000000000-00000003ffff]
[   00000] Nrml   mp
    0.000000  evce  emy
[  .00000Moble zoe ar forea nod
[  0.00] Ealyemry nod rge
[  000000]  de  0:me 0x00000000100-0x00000009ef]
[  00000] nde  : me 0x00000010000x00000003ffeffff]
[    0.000] nitmm tu nod 0me 0x0000000100-x000003fefff]
[   00000]CP: PMTir O Pot:x408
  0.0000 IPIC[: ic_id , rsio 3 adress0xec000, GI 23
[    0.000]ACPIINSRC_VRbu 0 b_iq  glol_q 2 dfl df)    .000] ACI:NTSRC_OVRbu 0 bs_q  global_rq low lve
    0.0000 Usig PI(MAD fr MP cfiratin fomatin    .000] smoo Allwig CPUs 0otlug CPs[   0.000] P Ristere nsa memy:mem x00000-000fff]
[   0.00000] PM Risered osvemeory: [emx009f00-009ffff]
[  .00000PM Regisre nosav mory:[m 0000a000-0x000effff]
   0.000] M: Riserednove emor [em0x0000-0x00fff
[   00000] e820:[mm 0x400000-0ebfffff]avlale fr I evices
[   000000] Boting paravirtualized kernel on KVM
[    0.000000] clocksource: refined-jiffies: mask: 0xffffffff max_cycles: 0xffffffff, max_idle_ns: 7645519600211568 ns
[    0.000000] setup_percpu: NR_CPUS:512 nr_cpumask_bits:512 nr_cpu_ids:2 nr_node_id:1
[   00000] ERU:Embeddd  pages/cu ff88003fc00000 s98200 r8192 d28776 u1048576
[    0.000000] PV qspinlock hash table entries: 256 (order: 0, 4096 bytes)
[    0.000000] Built 1 zonelists in Node order, mobility grouping on.  Total pages: 257913
[    0.000] Poic ze: D32
[  0.0000] Kernel command line: BOOT_IMAGE=/boot/vmlinuz-4.4.0-103-generic root=LABEL=cloudimg-rootfs ro console=tty1 console=ttyS0
[    0.000000] PID hash table entries: 4096 (order: 3, 32768 bytes)
[    0.000000] emry 1010K104810Kvalable(85Kkern cde, 1295 rat, 3988 rata, 92init13K bss, 440reseve 0 cmaesved)[   00000 SLUB Haln=64 Oer0-3, MnOects0,PU=2, de1
[   0.000] Hrahical RCUmpementaio
[   0.000] 	iltimedjtmen olef fanou t64
[  00000] CUresticngCPUsroNRCPUS=512tor_cpu_ds.
[  0.0000] RC Ajustg ometryfo ru_fauteaf=4,r_pu_i=2
[    0.000000 NIRS:3324r_irs:44 1
[   0.000] Coso: olou V+ 0x25[   0.000000] conol[tty1]enled[  0.00000cosole[tS0 enaed
[    0.000000] tsc: Detected 2807.998 MHz processor
[   24.992792] Calibrating delay loop (skipped) preset value.. 5615.99 BogoMIPS (lpj=11231992)
[   25.184964] pid_max: default: 32768 minimum: 301
[   25.294550] ACPI: Core revision 20150930
[   25.398693] ACPI: 2 ACPI AML tables successfully acquired and loaded
[   25.528048] Security Framework initialized
[   25.618539] Yama: becoming mindful.
[   25.682274] AppArmor: AppArmor initialized
[   25.774803] Dentry cache hash table entries: 131072 (order: 8, 1048576 bytes)
[   25.942095] Inode-cache hash table entries: 65536 (order: 7, 524288 bytes)
[   26.077394] Mount-cache hash table entries: 2048 (order: 2, 16384 bytes)
[   26.247267] Mountpoint-cache hash table entries: 2048 (order: 2, 16384 bytes)
[   26.378267] Initializing cgroup subsys io
[   26.459151] Initializing cgroup subsys memory
[   26.543199] Initializing cgroup subsys devices
[   26.601220] Initializing cgroup subsys freezer
[   26.647932] Initializing cgroup subsys net_cls
[   26.725678] Initializing cgroup subsys perf_event
[   26.809615] Initializing cgroup subsys net_prio
[   26.871572] Initializing cgroup subsys hugetlb
[   26.872330] Initializing cgroup subsys pids
[   26.873126] CPU: Physical Processor ID: 0
[   26.873849] CPU: Processor Core ID: 0
[   26.875541] mce: CPU supports 0 MCE banks
[   26.887497] Last level iTLB entries: 4KB 64, 2MB 8, 4MB 8
[   26.909956] Last level dTLB entries: 4KB 64, 2MB 0, 4MB 0, 1GB 4
[   27.005229] Freeing SMP alternatives memory: 32K
[   27.063595] ftrace: allocating 32158 entries in 126 pages
[   27.173341] smpboot: APIC(0) Converting physical 0 to logical package 0
[   27.310677] smpboot: Max logical packages: 1
[   27.397829] x2apic enabled
[   27.454096] Switched APIC routing to physical x2apic.
[   27.550796] ..TIMER: vector=0x30 apic1=0 pin1=2 apic2=-1 pin2=-1
[   27.765588] smpboot: CPU0: Intel(R) Core(TM) i7-7700HQ CPU @ 2.80GHz (family: 0x6, model: 0x9e, stepping: 0x9)
[   27.938535] Performance Events: unsupported p6 CPU model 158 no PMU driver, software events only.
[   27.998792] KVM setup paravirtual spinlock
[   28.001157] x86: Booting SMP configuration:
[   28.001873] .... node  #0, CPUs:      #1
[   28.002637] kvm-clock: cpu 1, msr 0:3ffe3041, secondary cpu clock
[   28.016976] mce: CPU supports 0 MCE banks
[   28.019384] x86: Booted up 1 node, 2 CPUs
[   28.084972] smpboot: Total of 2 processors activated (11231.99 BogoMIPS)
[   28.086360] devtmpfs: initialized
[   28.132248] evm: security.selinux
[   28.177644] evm: security.SMACK64
[   28.227972] evm: security.SMACK64EXEC
[   28.297743] evm: security.SMACK64TRANSMUTE
[   28.381112] evm: security.SMACK64MMAP
[   28.434447] evm: security.ima
[   28.503894] evm: security.capability
[   28.547749] clocksource: jiffies: mask: 0xffffffff max_cycles: 0xffffffff, max_idle_ns: 7645041785100000 ns
[   28.549354] futex hash table entries: 512 (order: 3, 32768 bytes)
[   28.550444] pinctrl core: initialized pinctrl subsystem
[   28.551384] RTC time: 12:50:12, date: 12/10/17
[   28.553558] NET: Registered protocol family 16
[   28.642969] cpuidle: using governor ladder
[   28.690358] cpuidle: using governor menu
[   28.762537] PCCT header not found.
[   28.813560] ACPI: bus type PCI registered
[   28.888952] acpiphp: ACPI Hot Plug PCI Controller Driver version: 0.5
[   29.001323] PCI: Using configuration type 1 for base access
[   29.128327] ACPI: Added _OSI(Module Device)
[   29.219979] ACPI: Added _OSI(Processor Device)
[   29.310996] ACPI: Added _OSI(3.0 _SCP Extensions)
[   29.411152] ACPI: Added _OSI(Processor Aggregator Device)
[   29.517981] ACPI: Executed 1 blocks of module-level executable AML code
[   29.644351] ACPI: Interpreter enabled
[   29.722317] ACPI: (supports S0 S5)
[   29.791677] ACPI: Using IOAPIC for interrupt routing
[   29.896530] PCI: Using host bridge windows from ACPI; if necessary, use "pci=nocrs" and report a bug
[   30.103640] ACPI: PCI Root Bridge [PCI0] (domain 0000 [bus 00-ff])
[   30.250156] acpi PNP0A03:00: _OSC: OS supports [ASPM ClockPM Segments MSI]
[   30.411601] acpi PNP0A03:00: _OSC: not requesting OS control; OS requires [ExtendedConfig ASPM ClockPM MSI]
[   30.651358] acpi PNP0A03:00: fail to add MMCONFIG information, can't access extended PCI configuration space under this bridge.
[   30.781337] PCI host bridge to bus 0000:00
[   30.787614] pci_bus 0000:00: root bus resource [io  0x0000-0x0cf7 window]
[   30.877361] pci_bus 0000:00: root bus resource [io  0x0d00-0xffff window]
[   30.930608] pci_bus 0000:00: root bus resource [mem 0x000a0000-0x000bffff window]
[   31.074841] pci_bus 0000:00: root bus resource [mem 0x40000000-0xfdffffff window]
[   31.203806] pci_bus 0000:00: root bus resource [bus 00-ff]
[   31.303187] pci 0000:00:01.1: legacy IDE quirk: reg 0x10: [io  0x01f0-0x01f7]
[   31.389497] pci 0000:00:01.1: legacy IDE quirk: reg 0x14: [io  0x03f6]
[   31.443726] pci 0000:00:01.1: legacy IDE quirk: reg 0x18: [io  0x0170-0x0177]
[   31.457488] pci 0000:00:01.1: legacy IDE quirk: reg 0x1c: [io  0x0376]
[   31.497032] pci 0000:00:07.0: quirk: [io  0x4000-0x403f] claimed by PIIX4 ACPI
[   31.517032] pci 0000:00:07.0: quirk: [io  0x4100-0x410f] claimed by PIIX4 SMB
[   31.568275] ACPI: PCI Interrupt Link [LNKA] (IRQs 5 9 10 *11)
[   31.597374] ACPI: PCI Interrupt Link [LNKB] (IRQs 5 9 *10 11)
[   31.658233] ACPI: PCI Interrupt Link [LNKC] (IRQs 5 *9 10 11)
[   31.728500] ACPI: PCI Interrupt Link [LNKD] (IRQs 5 9 10 *11)
[   31.795160] ACPI: Enabled 2 GPEs in block 00 to 07
[   31.822880] vgaarb: setting as boot device: PCI:0000:00:02.0
[   31.913015] vgaarb: device added: PCI:0000:00:02.0,decodes=io+mem,owns=io+mem,locks=none
[   32.010002] vgaarb: loaded
[   32.045104] vgaarb: bridge control possible 0000:00:02.0
[   32.082220] SCSI subsystem initialized
[   32.144805] ACPI: bus type USB registered
[   32.208559] usbcore: registered new interface driver usbfs
[   32.281740] usbcore: registered new interface driver hub
[   32.381574] usbcore: registered new device driver usb
[   32.452963] PCI: Using ACPI for IRQ routing
[   32.512798] NetLabel: Initializing
[   32.559527] NetLabel:  domain hash size = 128
[   32.649911] NetLabel:  protocols = UNLABELED CIPSOv4
[   32.763547] NetLabel:  unlabeled traffic allowed by default
[   32.870471] amd_nb: Cannot enumerate AMD northbridges
[   32.941833] clocksource: Switched to clocksource kvm-clock
[   3.65] ppArmor: Apprm Fesystem abled[ 33056]pn P AI iit[ 339865pn: nPCP fnd 3dece
[   34.272290] clocksource: acpi_pm: mask: 0xffffff max_cycles: 0xffffff, max_idle_ns: 2085701024 ns
[   34.335121] NET: Registered protocol family 2
[   34.380702] TCP established hash table entries: 8192 (order: 4, 65536 bytes)
[   34.567989] TCP bind hash table entries: 8192 (order: 5, 131072 bytes)
[   34.677612] TCP: Hash tables configured (established 8192 bind 8192)
[   34.856336] UDP hash table entries: 512 (order: 2, 16384 bytes)
[   34.896278] UDP-Lite hash table entries: 512 (order: 2, 16384 bytes)
[   34.897268] NET: Registered protocol family 1
[   34.898478] pci 0000:00:00.0: Limiting direct PCI/PCI transfers
[   34.899393] pci 0000:00:01.0: Activating ISA DMA hang workarounds
[   34.901662] Unpacking initramfs...
[   36.442434] Freeing initrd memory: 10792K
[   36.495505] platform rtc_cmos: registered platform RTC device (no PNP device found)
[   36.631797] Scanning for low memory corruption every 60 seconds
[   36.704167] audit: initializing netlink subsys (disabled)
[   36.802438] audit: type=2000 audit(1512910195.529:1): initialized
[   36.931918] Initialise system trusted keyring
[   37.020869] HugeTLB registered 2 MB page size, pre-allocated 0 pages
[   37.080588] zbud: loaded
[   7.0864] FSDik uoasdqot.60
[   37.476628 V: uocae shab eri: 2 rd 040 btes)
[   37.4992 t: fid C ocksource calibration: 2809.543 MHz
[   37.493925] clocksource: tsc: mask: 0xffffffffffffffff max_cycles: 0x287f776ee88, max_idle_ns: 440795233508 ns
[   38.800456] squashfs: version 4.0 (2009/01/31) Phillip Lougher
[   38.801620] fuse init (API version 7.23)
[   38.878597] Key type big_key registered
[   38.889839] Allocating IMA MOK and blacklist keyrings.
[   38.913273] Key type asymmetric registered
[   38.963837] Asymmetric key parser 'x509' registered
[   39.080089] Block layer SCSI generic (bsg) driver version 0.4 loaded (major 249)
[   39.276033] io scheduler noop registered
[   39.365656] io scheduler deadline registered (default)
[   39.455531] io scheduler cfq registered
[   39.611424] pci_hotplug: PCI Hot Plug PCI Core version: 0.5
[   39.808164] pciehp: PCI Express Hot Plug Controller Driver version: 0.4
[   40.028164] ACPI: AC Adapter [AC] (on-line)
[   40.156113] input: Power Button as /devices/LNXSYSTM:00/LNXPWRBN:00/input/input0
[   40.298198] ACPI: Power Button [PWRF]
[   40.389018] input: Sleep Button as /devices/LNXSYSTM:00/LNXSLPBN:00/input/input1
[   40.454241] ACPI: Sleep Button [SLPF]
[   40.566635] GHES: HEST is not enabled!
[   40.567456] ACPI: Battery Slot [BAT0] (battery present)
[   40.758281] Serial: 8250/16550 driver, 32 ports, IRQ sharing enabled
[   40.927589] 00:02: ttyS0 at I/O 0x3f8 (irq = 4, base_baud = 115200) is a 16550A
[   41.057062] Linux agpgart interface v0.103
[   41.140727] loop: module loaded
[   41.228890] scsi host0: ata_piix
[   41.387286] scsi host1: ata_piix
[   41.472726] ata1: PATA max UDMA/33 cmd 0x100 ctl 0x3f6 bmdma 0xd000 irq 14
[   41.694667] ata2: PATA max UDMA/33 cmd 0x170 ctl 0x376 bmdma 0xd008 irq 15
[   41.908300] libphy: Fixed MDIO Bus: probed
[   42.085882] tun: Universal TUN/TAP device driver, 1.6
[   42.230491] tun: (C) 1999-2004 Max Krasnyansky <maxk@qualcomm.com>
[   42.366604] PPP generic driver version 2.4.2
[   42.444374] ehci_hcd: USB 2.0 'Enhanced' Host Controller (EHCI) Driver
[   42.618596] ehci-pci: EHCI PCI platform driver
[   42.726562] ehci-platform: EHCI generic platform driver
[   42.869001] ohci_hcd: USB 1.1 'Open' Host Controller (OHCI) Driver
[   43.066102] ohci-pci: OHCI PCI platform driver
[   43.175092] ohci-platform: OHCI generic platform driver
[   43.333449] uhci_hcd: USB Universal Host Controller Interface driver
[   43.527823] i8042: PNP: PS/2 Controller [PNP0303:PS2K,PNP0f03:PS2M] at 0x60,0x64 irq 1,12
[   43.613088] serio: i8042 KBD port at 0x60,0x64 irq 1
[   43.658482] serio: i8042 AUX port at 0x60,0x64 irq 12
[   43.739865] mousedev: PS/2 mouse device common for all mice
[   43.858981] rtc_cmos rtc_cmos: rtc core: registered rtc_cmos as rtc0
[   44.040103] rtc_cmos rtc_cmos: alarms up to one day, 114 bytes nvram
[   44.163754] i2c /dev entries driver
[   44.192577] input: AT Translated Set 2 keyboard as /devices/platform/i8042/serio0/input/input2
[   44.233924] device-mapper: uevent: version 1.0.3
[   44.245764] device-mapper: ioctl: 4.34.0-ioctl (2015-10-28) initialised: dm-devel@redhat.com
[   44.361838] ledtrig-cpu: registered to indicate activity on CPUs
[   44.496989] NET: Registered protocol family 10
[   44.578742] NET: Registered protocol family 17
[   44.663327] Key type dns_resolver registered
[   44.739675] microcode: CPU0 sig=0x906e9, pf=0x8, revision=0x0
[   44.868055] microcode: CPU1 sig=0x906e9, pf=0x8, revision=0x0
[   44.985944] microcode: Microcode Update Driver: v2.01 <tigran@aivazian.fsnet.co.uk>, Peter Oruba
[   45.146274] registered taskstats version 1
[   45.227331] Loading compiled-in X.509 certificates
[   45.325533] Loaded X.509 cert 'Build time autogenerated kernel key: 6495e09daeacef0cade9c1ea2246b74b6c79cd53'
[   45.336274] zswap: loaded using pool lzo/zbud
[   45.338528] Key type trusted registered
[   45.412733] Key type encrypted registered
[   45.541593] AppArmor: AppArmor sha1 policy hashing enabled
[   45.706787] ima: No TPM chip found, activating TPM-bypass!
[   45.848003] evm: HMAC attrs: 0x1
[   45.927987]   Magic number: 13:846:834
[   46.020099] rtc_cmos rtc_cmos: setting system clock to 2017-12-10 12:50:29 UTC (1512910229)
[   46.280992] BIOS EDD facility v0.16 2004-Jun-25, 0 devices found
[   46.456045] EDD information not available.
[   46.562137] Freeing unused kernel memory: 1492K
[   46.726011] Write protecting the kernel read-only data: 14336k
[   46.903436] Freeing unused kernel memory: 1744K
[   47.025821] Freeing unused kernel memory: 108K
Loading, please [   47.145034] random: systemd-udevd: uninitialized urandom read (16 bytes read, 7 bits of entropy available)
wait...
startin[   47.145516] random: udevadm: uninitialized urandom read (16 bytes read, 7 bits of entropy available)
g version 229
[   47.145531] random: udevadm: uninitialized urandom read (16 bytes read, 7 bits of entropy available)
[   47.150611] random: udevadm: uninitialized urandom read (16 bytes read, 7 bits of entropy available)
[   47.150640] random: udevadm: uninitialized urandom read (16 bytes read, 7 bits of entropy available)
[   47.150720] random: udevadm: uninitialized urandom read (16 bytes read, 7 bits of entropy available)
[   47.150750] random: udevadm: uninitialized urandom read (16 bytes read, 7 bits of entropy available)
[   47.150779] random: udevadm: uninitialized urandom read (16 bytes read, 7 bits of entropy available)
[   47.150807] random: udevadm: uninitialized urandom read (16 bytes read, 7 bits of entropy available)
[   47.150834] random: udevadm: uninitialized urandom read (16 bytes read, 7 bits of entropy available)
[   48.740086] Fusion MPT base driver 3.04.20
[   48.806559] Copyright (c) 1999-2008 LSI Corporation
[   48.884567] e1000: Intel(R) PRO/1000 Network Driver - version 7.3.21-k8-NAPI
[   48.927627] e1000: Copyright (c) 1999-2006 Intel Corporation.
[   48.983086] Fusion MPT SPI Host driver 3.04.20
[   49.029605] AVX2 version of gcm_enc/dec engaged.
[   49.073293] AES CTR mode by8 optimization enabled
[   49.203730] input: ImExPS/2 Generic Explorer Mouse as /devices/platform/i8042/serio1/input/input4
[   49.428222] e1000 0000:00:03.0 eth0: (PCI:33MHz:32-bit) 02:15:29:52:b1:84
[   50.251934] e1000 0000:00:03.0 eth0: Intel(R) PRO/1000 Network Connection
[   50.394792] mptbase: ioc0: Initiating bringup
[   50.394958] e1000 0000:00:03.0 enp0s3: renamed from eth0
[   50.582722] ioc0: LSI53C1030 A0: Capabilities={Initiator}
[   50.836499] scsi host2: ioc0: LSI53C1030 A0, FwRev=00000000h, Ports=1, MaxQ=256, IRQ=20
[   50.967141] scsi 2:0:0:0: Direct-Access     VBOX     HARDDISK         1.0  PQ: 0 ANSI: 5
[   51.313692] scsi target2:0:0: Beginning Domain Validation
[   51.434838] scsi target2:0:0: Domain Validation skipping write tests
[   52.270095] scsi target2:0:0: Ending Domain Validation
[   52.363966] floppy0: no floppy controllers found
[   52.387365] scsi target2:0:0: asynchronous
[   52.492507] scsi 2:0:1:0: Direct-Access     VBOX     HARDDISK         1.0  PQ: 0 ANSI: 5
[   52.584154] scsi target2:0:1: Beginning Domain Validation
[   52.708258] scsi target2:0:1: Domain Validation skipping write tests
[   52.828781] scsi target2:0:1: Ending Domain Validation
[   52.846928] scsi target2:0:1: asynchronous
[   52.932258] sd 2:0:0:0: Attached scsi generic sg0 type 0
[   53.041256] sd 2:0:0:0: [sda] 20971520 512-byte logical blocks: (10.7 GB/10.0 GiB)
[   53.108860] sd 2:0:1:0: Attached scsi generic sg1 type 0
[   53.109196] sd 2:0:1:0: [sdb] 20480 512-byte logical blocks: (10.5 MB/10.0 MiB)
[   53.109208] sd 2:0:0:0: [sda] Write Protect is off
[   53.109394] sd 2:0:0:0: [sda] Incomplete mode parameter data
[   53.109395] sd 2:0:0:0: [sda] Assuming drive cache: write through
[   53.109436] sd 2:0:1:0: [sdb] Write Protect is off
[   53.109519] sd 2:0:1:0: [sdb] Incomplete mode parameter data
[   53.109520] sd 2:0:1:0: [sdb] Assuming drive cache: write through
[   53.116541]  sda: sda1
[   53.117207] sd 2:0:1:0: [sdb] Attached SCSI disk
[   53.117531] sd 2:0:0:0: [sda] Attached SCSI disk
Begin: Loading e[   54.885346] md: linear personality registered for level -1
ssential drivers[   55.017184] md: multipath personality registered for level -4
 ... [   55.149904] md: raid0 personality registered for level 0
[   55.268769] md: raid1 personality registered for level 1
[   55.417848] raid6: sse2x1   gen() 10845 MB/s
[   55.542225] raid6: sse2x1   xor()  8011 MB/s
[   55.734452] raid6: sse2x2   gen() 13247 MB/s
[   55.878212] raid6: sse2x2   xor()  9571 MB/s
[   56.033892] raid6: sse2x4   gen() 15353 MB/s
[   56.169876] raid6: sse2x4   xor() 10716 MB/s
[   56.362528] raid6: avx2x1   gen() 22541 MB/s
[   56.521955] raid6: avx2x2   gen() 24593 MB/s
[   56.650185] raid6: avx2x4   gen() 23358 MB/s
[   56.699777] raid6: using algorithm avx2x2 gen() 24593 MB/s
[   56.715381] raid6: using avx2x2 recovery algorithm
[   56.717766] xor: automatically using best checksumming function:
[   56.798013]    avx       : 20462.000 MB/sec
[   56.888061] async_tx: api initialized (async)
[   56.966667] md: raid6 personality registered for level 6
[   57.041910] md: raid5 personality registered for level 5
[   57.137736] md: raid4 personality registered for level 4
[   57.174919] md: raid10 personality registered for level 10
done.
Begin: Running /scripts/init-premount ... done[   57.284746] Btrfs loaded
.
Begin: Mounting root file system ... Begin: Running /scripts/local-top ... done.
Begin: Running /scripts/local-premount ... [   57.339139] EXT4-fs (sda1): INFO: recovery required on readonly filesystem
Scanning for Btr[   57.388832] EXT4-fs (sda1): write access will be enabled during recovery
fs filesystems
done.
Warning: fsck not present, so skipping root file system
[   57.496642] EXT4-fs (sda1): recovery complete
[   57.578153] EXT4-fs (sda1): mounted filesystem with ordered data mode. Opts: (null)
done.
Begin: Running /scripts/local-bottom ... done.
Begin: Running /scripts/init-bottom ... done.
[   57.835314] systemd[1]: systemd 229 running in system mode. (+PAM +AUDIT +SELINUX +IMA +APPARMOR +SMACK +SYSVINIT +UTMP +LIBCRYPTSETUP +GCRYPT +GNUTLS +ACL +XZ -LZ4 +SECCOMP +BLKID +ELFUTILS +KMOD -IDN)
[   58.161445] systemd[1]: Detected virtualization oracle.
[   58.270843] systemd[1]: Detected architecture x86-64.

Welcome to [1mUbuntu 16.04.3 LTS[0m!

[ 58.443] std[: t stmeo buu-nia.
[   59.090559] random: nonblocking pool is initialized
[   59.317664] systemd[1]: Created slice User and Session Slice.
[[0;32m  OK  [0m] Created slice User and Session Slice.
[   59.745]ysmd]:isni o Jrn Aitoct.
[[0;32m  OK  [0m] Listening on Journal Audit Socket.
[ 60985]ysemd[1]: aced targt wap.
[[0;32m  OK  [0m] Reached target Swap.
[ 606615syem1]Crtesle yste Slice.
[[0;32m  OK  [0m] Created slice System Slice.
[  62372 systed[1]Reched tgeSles
[[0;32m  OK  [0m] Reached target Slices.
[ 61220]ysmd]:reedlie system-serial\x2dget.sce

[[0;32m  OK  [0m] Created slice system-serial\x2dgetty.slice.
[  62.9882] systemd[1]: Reached target User and Group Name Lookups.
[[0;32m  OK  [0m] Reached target User and Group Name Lookups.
[ 62705]ysmd1]: isni oJonal Socket.
[[0;32m  OK  [0m] Listening on Journal Socket.
[   63.226510] systemd[1]: Starting Remount Root and Kernel File Systems...
         Starting Remount[   63.371499] EXT4-fs (sda1): re-mounted. Opts: (null)
 Root and Kernel File Systems...
[   63.534310] systemd[1]: Mounting POSIX Message Queue File System...
         Mounting POSIX Message Queue File System...
[   63.726360] systemd[1]: Starting Create list of required static device nodes for the current kernel...
         Starting Create list of required st... nodes for the current kernel...
[ 64104]system1]Lieng onLV2 poll daemon socket.
[[0;32m  OK  [0m] Listening on LVM2 poll daemon socket.
[   64.550295] systemd[1]: Mounting Debug File System...
         Mounting Debug File System...
[   64.563622] systemd[1]: Listening on Syslog Socket.
[[0;32m  OK  [0m] Listening on Syslog Socket.
[   64.574604] systemd[1]: Starting Load Kernel Modules...
         Starting Load Ke[   64.691127] Loading iSCSI transport class v2.0-870.
rnel Modules...[   64.809099] iscsi: registered transport (tcp)

[   64.862842] systemd[1]: Listening on udev Control Socket.
[[0;32m  OK  [0m] Listening on [   64.886622] iscsi: registered transport (iser)
udev Control Socket.
[ 655473] syem1]Listening on uevernel ocet.
[[0;32m  OK  [0m] Listening on udev Kernel Socket.
[ 655773syem1]StteFoarPaswd equesttoalDictory Wah.

[[0;32m  OK  [0m] Started Forward Password Requests to Wall Directory Watch.
[  65129syem1]: stni oLV2 meada em socket.
[[0;32m  OK  [0m] Listening on LVM2 metadata daemon socket.
[   7.573]ysemd[1]:Litening on Journal oct delo. [[0;32m  OK  [0m] Listening on Journal Socket (/dev/log).
[   68.250785] systemd[1]: Starting Journal Service...
         Starting Journal Service...
[  68.941] sstd[1]: stinon/dv/initctl CmpibitNad pe

[[0;32m  OK  [0m] Listening on /dev/initctl Compatibility Named Pipe.
[   69.174150] systemd[1]: Starting Uncomplicated firewall...
         Starting Uncomplicated firewall...
[  69.34914] systemd[1]: Reached targeEncryped Vum. [[0;32m  OK  [0m] Reached target Encrypted Volumes.
[ 697343syem1] Set up utout rbitra EcublFi Formats Fleysm tounPot.
[[0;32m  OK  [0m] Set up automount Arbitrary Executab...ats File System Automount Point.
[   70.858670] systemd[1]: Starting Set console keymap...
         Starting Set console keymap...
[   70.966082] systemd[1]: Started Trigger resolvconf update for networkd DNS.
[[0;32m  OK  [0m] Started Trigger resolvconf update for networkd DNS.
[   71.174274] systemd[1]: Mounting Huge Pages File System...
         Mounting Huge Pages File System...
[ 7130255]sytemd1]: stinoneve-pp entaen FO
[[0;32m  OK  [0m] Listening on Device-mapper event daemon FIFOs.
[   72.166430] systemd[1]: Starting Monitoring of LVM2 mirrors, snapshots etc. using dmeventd or progress polling...
         Starting Monitoring of LVM2 mirrors... dmeventd or progress polling...
[   72.438703] systemd[1]: Starting Nameserver information manager...
         Starting Nameserver information manager...
[   .04603] ysmd]:ouedHugePaes Fe st.
[[0;32m  OK  [0m] Mounted Huge Pages File System.
[ 73057]syem1]: Mounted OS MsageQuue Fle Syste

[[0;32m  OK  [0m] Mounted POSIX Message Queue File System.
[   4.020] sysem1]: MoteDeg leysm.
[[0;32m  OK  [0m] Mounted Debug File System.
[ 74981]ysmd1]: StarteJorn Svi.
[[0;32m  OK  [0m] Started Journal Service.
[[0;32m  OK  [0m] Started Remount Root and Kernel File Systems.
[[0;32m  OK  [0m] Started Create list of required sta...ce nodes for the current kernel.
[[0;32m  OK  [0m] Started Load Kernel Modules.
[[0;32m  OK  [0m] Started Uncomplicated firewall.
[[0;32m  OK  [0m] Started Set console keymap.
[[0;32m  OK  [0m] Started Nameserver information manager.
[[0;32m  OK  [0m] Started LVM2 metadata daemon.
         Mounting FUSE Control File System...
         Starting Apply Kernel Variables...
         Starting Create Static Device Nodes in /dev...
         Starting Initial cloud-init job (pre-networking)...
         Starting udev Coldplug all Devices...
         Starting Load/Save Random Seed...
         Starting Flush Journal to Persistent Storage...
[[0;32m  OK  [0m] Mounted FUSE Control File System.
[[0;32m  OK  [0m] Started Monitoring of LVM2 mirrors,...ng dmeventd or progress polling.
[[0;32m  OK  [0m] Started Apply Kernel Variables.
[[0;32m  OK  [0m] Started Create Static Device Nodes in /dev.
[[0;32m  OK  [0m] Started Load/Save Random Seed.
[[0;32m  OK  [0m] Started udev Coldplug all Devices.
[[0;32m  OK  [0m] Started Flush Journal to Persistent Storage.
         Starting udev Kernel Device Manager...
[[0;32m  OK  [0m] Started udev Kernel Device Manager.
[[0;32m  OK  [0m] Started Dispatch Password Requests to Console Directory Watch.
[[0;32m  OK  [0m] Reached target Local File Systems (Pre).
[[0;32m  OK  [0m] Reached target Local File Systems.
         Starting Tell Plymouth To Write Out Runtime Data...
         Starting LSB: AppArmor initialization...
[   45.224191] cloud-init[444]: Cloud-init v. 17.1 running 'init-local' at Sun, 10 Dec 2017 12:51:00 +0000. Up 44.92 seconds.
         Starting Set console font and keymap...
         Starting Create Volatile Files and Directories...
[[0;32m  OK  [0m] Started Tell Plymouth To Write Out Runtime Data.
[[0;32m  OK  [0m] Started Create Volatile Files and Directories.
[[0;32m  OK  [0m] Started Initial cloud-init job (pre-networking).
[[0;32m  OK  [0m] Started Set console font and keymap.
[[0;32m  OK  [0m] Found device /dev/ttyS0.
[[0;32m  OK  [0m] Listening on Load/Save RF Kill Switch Status /dev/rfkill Watch.
[[0;32m  OK  [0m] Created slice system-getty.slice.
[[0;32m  OK  [0m] Reached target Network (Pre).
         Starting Update UTMP about System Boot/Shutdown...
[[0;32m  OK  [0m] Reached target System Time Synchronized.
[[0;32m  OK  [0m] Started LSB: AppArmor initialization.
[[0;32m  OK  [0m] Started ifup for enp0s3.
         Starting Raise network interfaces...
[[0;32m  OK  [0m] Started Update UTMP about System Boot/Shutdown.
[[0;32m  OK  [0m] Started Raise network interfaces.
         Starting Initial cloud-init job (metadata service crawler)...
[[0;32m  OK  [0m] Reached target Network.
[   48.720082] cloud-init[958]: Cloud-init v. 17.1 running 'init' at Sun, 10 Dec 2017 12:51:04 +0000. Up 48.45 seconds.
[   48.848569] [cloud-init[0;32m  OK  [0m[958]: ] ci-info: +++++++++++++++++++++++++++++++++++++Net device info++++++++++++++++++++++++++++++++++++++Started Initial cloud-init job (metadata service crawler).

[   48.848970] cloud-init[958]: ci-info: +--------+------+----------------------------+---------------+-------+-------------------+
[   49.060501] [cloud-init[0;32m  OK  [0m[958]: ] ci-info: | Device |  Up  |          Address           |      Mask     | Scope |     Hw-Address    |Reached target Network is Online.

[   49.061166] cloud-init[958]: ci-info: +--------+------+----------------------------+---------------+-------+-------------------+
[   49.260527]          cloud-iniiStarting iSCSI initiator daemon (iscsid)...[958]: 
ci-info: | enp0s3 | True |         10.0.2.15          | 255.255.255.0 |   .   | 02:15:29:52:b1:84 |
[   49.449087] [cloud-init[0;32m  OK  [0m[958]: ] ci-info: | enp0s3 | True | fe80::15:29ff:fe52:b184/64 |       .       |  link | 02:15:29:52:b1:84 |Reached target System Initialization.

[   49.449506] [cloud-init[0;32m  OK  [0m[958]: ] ci-info: |   lo   | True |         127.0.0.1          |   255.0.0.0   |   .   |         .         |Started Daily Cleanup of Temporary Directories.

[   49.656691] [cloud-init[0;32m  OK  [0m[958]: ] ci-info: |   lo   | True |          ::1/128           |       .       |  host |         .         |Started ACPI Events Check.

[[0;32m  OK  [0m] Reached target Paths.
[   49.657148] cloud-init[958]: ci-info: +--------+------+----------------------------+---------------+-------+-------------------+
[   49.890445]          cloud-initStarting LXD - unix socket.[958]: 
ci-info: +++++++++++++++++++++++++++Route IPv4 info++++++++++++++++++++++++++++
[   49.890829] cloud-init[958]: ci-info: +-------+-------------+----------+---------------+-----------+-------+
[   50.096673] [cloud-init[0;32m  OK  [0m[958]: ] ci-info: | Route | Destination | Gateway  |    Genmask    | Interface | Flags |Started Daily apt download activities.

[   50.215305] [cloud-init[0;32m  OK  [0m[958]: ] ci-info: +-------+-------------+----------+---------------+-----------+-------+Started Daily apt upgrade and clean activities.

[   50.215779]          cloud-initStarting Socket activation for snappy daemon.[958]: 
ci-info: |   0   |   0.0.0.0   | 10.0.2.2 |    0.0.0.0    |   enp0s3  |   UG  |
[   50.680680] [cloud-init[0;32m  OK  [0m[958]: ] ci-info: |   1   |   10.0.2.0  | 0.0.0.0  | 255.255.255.0 |   enp0s3  |   U   |Listening on ACPID Listen Socket.

[[0;32m  OK  [0m] Listening on D-Bus System Message Bus Socket.
[[0;32m  OK  [0m] Listening on UUID daemon activation socket.
[   50.681502] cloud-init[958]: ci-info: +-------+-------------+----------+---------------+-----------+-------+
[[0;32m  OK  [0m] Started Timer to automatically refresh installed snaps.
[[0;32m  OK  [0m] Reached target Timers.
         Starting Docker Socket for the API.
[[0;32m  OK  [0m] Reached target Cloud-config availability.
[[0;32m  OK  [0m] Listening on LXD - unix socket.
[[0;32m  OK  [0m] Listening on Socket activation for snappy daemon.
[[0;32m  OK  [0m] Listening on Docker Socket for the API.
[[0;32m  OK  [0m] Started iSCSI initiator daemon (iscsid).
         Starting Login to default iSCSI targets...
[[0;32m  OK  [0m] Reached target Sockets.
[[0;32m  OK  [0m] Reached target Basic System.
         Starting LSB: Record successful boot for GRUB...
         Starting System Logging Service...
[[0;32m  OK  [0m] Started Mesos Master.
         Starting LXD - container startup/shutdown...
[[0;32m  OK  [0m] Started Unattended Upgrades Shutdown.
[[0;32m  OK  [0m] Started Regular background program processing daemon.
         Starting /etc/rc.local Compatibility...
         Starting Scheduler for Apache Mesos...
[[0;32m  OK  [0m] Started ACPI event daemon.
[[0;32m  OK  [0m] Started Mesos Slave.
[[0;32m  OK  [0m] Started D-Bus System Message Bus.
         Starting Accounts Service...
         Starting Snappy daemon...
         Starting Docker Application Container Engine...
         Starting Login Service...
[[0;32m  OK  [0m] Started Deferred execution scheduler.
         Starting OpenBSD Secure Shell server...
         Starting Apply the settings specified in cloud-config...
         Starting LSB: MD monitoring daemon...
[[0;32m  OK  [0m] Started FUSE filesystem for LXC.
[[0;32m  OK  [0m] Started System Logging Service.
[[0;32m  OK  [0m] Started Snappy daemon.
[[0;32m  OK  [0m] Started OpenBSD Secure Shell server.
[[0;32m  OK  [0m] Started LXD - container startup/shutdown.
[[0;32m  OK  [0m] Started /etc/rc.local Compatibility.
[[0;32m  OK  [0m] Started LSB: Record successful boot for GRUB.
[[0;32m  OK  [0m] Started Scheduler for Apache Mesos.
[[0;32m  OK  [0m] Started Login to default iSCSI targets.
[   52.456099] cloud-init[1106]: Cloud-init v. 17.1 running 'modules:config' at  un, 10 Dec 2017 12:51:08 +0000. Up 52.32 seconds.
[[0;32m  OK  [0m] Started Apply the settings specified in cloud-config.
[[0;32m  OK  [0m] Started LSB: MD monitoring daemon.
         Starting Authenticate and Authorize Users to Run Privileged Tasks...
[[0;32m  OK  [0m] Created slice Mesos Executors Slice.
[[0;32m  OK  [0m] Started ACPI event daemon.
[[0;32m  OK  [0m] Reached target Remote File Systems (Pre).
[[0;32m  OK  [0m] Reached target Remote File Systems.
         Starting LSB: automatic crash report generation...
         Starting LSB: centralized coordination service...
         Starting LSB: daemon to balance interrupts for SMP systems...
         Starting LSB: VirtualBox Linux Additions...
         Starting LSB: Set up cgroupfs mounts....
         Starting LSB: Set the CPU Frequency Scaling governor to "ondemand"...
         Starting Permit User Sessions...
[[0;32m  OK  [0m] Started LSB: Set up cgroupfs mounts..
[[0;32m  OK  [0m] Started Permit User Sessions.
[[0;32m  OK  [0m] Started Login Service.
[[0;32m  OK  [0m] Started Authenticate and Authorize Users to Run Privileged Tasks.
[[0;32m  OK  [0m] Started Accounts Service.
         Starting Hold until boot process finishes up...
         Starting Terminate Plymouth Boot Screen...
[[0;32m  OK  [0m] Started LSB: automatic crash report generation.
[[0;32m  OK  [0m] Started LSB: centralized coordination service.
[[0;32m  OK  [0m] Started LSB: daemon to balance interrupts for SMP systems.
[[0;32m  OK  [0m] Started LSB: VirtualBox Linux Additions.
[[0;32m  OK  [0m] Started LSB: Set the CPU Frequency Scaling governor to "ondemand".
[[0;32m  OK  [0m] Started Hold until boot process finishes up.
[[0;32m  OK  [0m] Started Terminate Plymouth Boot Screen.
         Starting Set console scheme...
[[0;32m  OK  [0m] Started Getty on tty1.
[[0;32m  OK  [0m] Started Serial Getty on ttyS0.
[[0;32m  OK  [0m] Reached target Login Prompts.
[[0;32m  OK  [0m] Started Set console scheme.
[[0;32m  OK  [0m] Started Docker Application Container Engine.
[[0;32m  OK  [0m] Reached target Multi-User System.
[[0;32m  OK  [0m] Reached target Graphical Interface.
         Starting Update UTMP about System Runlevel Changes...
         Starting Execute cloud user/final scripts...
[[0;32m  OK  [0m] Started Update UTMP about System Runlevel Changes.
[   54.322209] cloud-init[1549]: Cloud-init v. 17.1 running 'modules:final' at Sun, 10 Dec 2017 12:51:10 +0000. Up 54.21 seconds.
[   54.370009] cloud-init[1549]: Cloud-init v. 17.1 finished at Sun, 10 Dec 2017 12:51:10 +0000. Datasource DataSourceNoCloud [seed=/dev/sdb][dsmode=net].  Up 54.31 seconds
[[0;32m  OK  [0m] Started Execute cloud user/final scripts.
[[0;32m  OK  [0m] Reached target Cloud-init target.

Ubuntu 16.04.3 LTS ubuntu-xenial ttyS0

ubuntu-xenial login: 